<?xml version="1.0" encoding="UTF-8"?>
<!-- Generated by org.testng.reporters.JUnitXMLReporter -->
<testsuite hostname="mbilawal-lt" ignored="0" name="Default test" tests="6" failures="0" timestamp="2020-07-19T06:38:04 PKT" time="17.416" errors="0">
  <testcase name="AddPet" time="6.37" classname="TestNG.PetStoreSmokeTestNG.smokeSuite"/>
  <testcase name="FindPet" time="2.989" classname="TestNG.PetStoreSmokeTestNG.smokeSuite"/>
  <testcase name="UpdatePet" time="2.334" classname="TestNG.PetStoreSmokeTestNG.smokeSuite"/>
  <testcase name="VerifyPetUpdate" time="2.85" classname="TestNG.PetStoreSmokeTestNG.smokeSuite"/>
  <testcase name="DeletePet" time="1.323" classname="TestNG.PetStoreSmokeTestNG.smokeSuite"/>
  <testcase name="VerifyPetDelete" time="1.437" classname="TestNG.PetStoreSmokeTestNG.smokeSuite"/>
</testsuite> <!-- Default test -->
