<?xml version="1.0" encoding="UTF-8"?>
<testng-results skipped="0" failed="0" ignored="0" total="0" passed="0">
  <reporter-output>
  </reporter-output>
  <suite name="TestNG.PetStoreSmokeTestNG.AppTest" duration-ms="15" started-at="2020-07-19T06:30:03 PKT" finished-at="2020-07-19T06:30:03 PKT">
    <groups>
    </groups>
    <test name="Command line test" duration-ms="15" started-at="2020-07-19T06:30:03 PKT" finished-at="2020-07-19T06:30:03 PKT">
    </test> <!-- Command line test -->
  </suite> <!-- TestNG.PetStoreSmokeTestNG.AppTest -->
</testng-results>
